{"numFailedTestSuites":1,"numFailedTests":1,"numPassedTestSuites":0,"numPassedTests":0,"numPendingTestSuites":0,"numPendingTests":0,"numRuntimeErrorTestSuites":0,"numTodoTests":0,"numTotalTestSuites":1,"numTotalTests":1,"openHandles":[],"snapshot":{"added":0,"didUpdate":false,"failure":false,"filesAdded":0,"filesRemoved":0,"filesRemovedList":[],"filesUnmatched":0,"filesUpdated":0,"matched":0,"total":0,"unchecked":0,"uncheckedKeysByFile":[],"unmatched":0,"updated":0},"startTime":1779826592378,"success":false,"testResults":[{"assertionResults":[{"ancestorTitles":["RBAC Mutation Auto-Scanner"],"duration":9212,"failureDetails":[{"name":"TSError","diagnosticText":"\u001b[96msrc/accounting/posting/posting-roles.controller.ts\u001b[0m:\u001b[93m34\u001b[0m:\u001b[93m79\u001b[0m - \u001b[91merror\u001b[0m\u001b[90m TS2345: \u001b[0mArgument of type 'UserRole | null' is not assignable to parameter of type 'UserRole'.\n  Type 'null' is not assignable to type 'UserRole'.\n\n\u001b[7m34\u001b[0m     return this.postingRoles.patchRole(organizationId, role, dto.accountCode, user.role);\n\u001b[7m  \u001b[0m \u001b[91m                                                                              ~~~~~~~~~\u001b[0m\n\u001b[96msrc/accounting/posting/posting-roles.controller.ts\u001b[0m:\u001b[93m44\u001b[0m:\u001b[93m66\u001b[0m - \u001b[91merror\u001b[0m\u001b[90m TS2345: \u001b[0mArgument of type 'UserRole | null' is not assignable to parameter of type 'UserRole'.\n  Type 'null' is not assignable to type 'UserRole'.\n\n\u001b[7m44\u001b[0m     return this.postingRoles.clearOverride(organizationId, role, user.role);\n\u001b[7m  \u001b[0m \u001b[91m                                                                 ~~~~~~~~~\u001b[0m\n","diagnosticCodes":[2345,2345]}],"failureMessages":[""],"fullName":"RBAC Mutation Auto-Scanner ensures non-public mutation endpoints have guard metadata","invocations":1,"location":null,"numPassingAsserts":0,"retryReasons":[],"status":"failed","title":"ensures non-public mutation endpoints have guard metadata"}],"endTime":1779826614809,"message":"  ● RBAC Mutation Auto-Scanner › ensures non-public mutation endpoints have guard metadata\n\n\n\n\n","name":"D:\\My Projects\\era-ecosystem\\era-finance-core\\apps\\api\\test\\rbac\\rbac-scanner.spec.ts","startTime":1779826592953,"status":"failed","summary":""}],"wasInterrupted":false}
